<?xml version="1.0" encoding="UTF-8"?>
<!-- Generated by org.testng.reporters.JUnitReportReporter -->
<testsuite hostname="LAPTOP-MA8N465V" failures="0" tests="1" name="TestCases.SecondQ" time="0.044" errors="0" timestamp="2023-12-07T13:20:13 AST" skipped="0">
  <testcase classname="TestCases.SecondQ" name="FirstTest" time="0.044"/>
  <system-out/>
</testsuite> <!-- TestCases.SecondQ -->
