<?xml version="1.0" encoding="UTF-8"?>
<!-- Generated by org.testng.reporters.JUnitReportReporter -->
<testsuite hostname="LAPTOP-MA8N465V" failures="0" tests="1" name="TestCases.RandomCityPakages" time="0.194" errors="0" timestamp="2023-12-08T12:08:05 AST" skipped="0">
  <testcase classname="TestCases.RandomCityPakages" name="ChooseTheRandomPakage" time="0.194"/>
  <system-out/>
</testsuite> <!-- TestCases.RandomCityPakages -->
