<?xml version="1.0" encoding="UTF-8"?>
<!-- Generated by org.testng.reporters.JUnitReportReporter -->
<testsuite hostname="LAPTOP-MA8N465V" failures="0" tests="3" name="TestCases.ThirdQ" time="15.968" errors="0" timestamp="2023-12-08T14:19:15 AST" skipped="0">
  <testcase classname="TestCases.ThirdQ" name="ChooseTheCity" time="0.538"/>
  <system-out/>
  <testcase classname="TestCases.ThirdQ" name="ChoosingTheNumbers" time="4.747"/>
  <system-out/>
  <testcase classname="TestCases.ThirdQ" name="Sorting" time="10.683"/>
  <system-out/>
</testsuite> <!-- TestCases.ThirdQ -->
