<?xml version="1.0" encoding="UTF-8"?>
<!-- Generated by org.testng.reporters.JUnitReportReporter -->
<testsuite hostname="LAPTOP-MA8N465V" failures="0" tests="6" name="TestCases.FirstQ" time="0.261" errors="0" timestamp="2023-12-07T13:50:30 AST" skipped="0">
  <testcase classname="TestCases.FirstQ" name="TestCase1" time="0.044"/>
  <system-out/>
  <testcase classname="TestCases.FirstQ" name="TestCase4" time="0.040"/>
  <system-out/>
  <testcase classname="TestCases.FirstQ" name="TestCase2" time="0.025"/>
  <system-out/>
  <testcase classname="TestCases.FirstQ" name="TestCase3" time="0.026"/>
  <system-out/>
  <testcase classname="TestCases.FirstQ" name="TestCase5" time="0.037"/>
  <system-out/>
  <testcase classname="TestCases.FirstQ" name="DepartureAndArravial" time="0.089"/>
  <system-out/>
</testsuite> <!-- TestCases.FirstQ -->
